<?xml version="1.0" encoding="UTF-8"?>
<!-- Generated by org.testng.reporters.JUnitXMLReporter -->
<testsuite ignored="0" hostname="Paresh" failures="0" tests="14" name="Default test" time="1000.7" errors="0" timestamp="2024-10-09T16:11:43 IST">
  <testcase classname="TestCases.tagtest" name="tagtesting" time="74.657"/>
  <testcase classname="TestCases.tagtest" name="tagtesting" time="72.774"/>
  <testcase classname="TestCases.tagtest" name="tagtesting" time="71.211"/>
  <testcase classname="TestCases.tagtest" name="tagtesting" time="69.285"/>
  <testcase classname="TestCases.tagtest" name="tagtesting" time="70.493"/>
  <testcase classname="TestCases.tagtest" name="tagtesting" time="69.59"/>
  <testcase classname="TestCases.tagtest" name="tagtesting" time="73.137">
    <skipped/>
  </testcase> <!-- tagtesting -->
  <testcase classname="TestCases.tagtest" name="tagtesting" time="67.994">
    <skipped/>
  </testcase> <!-- tagtesting -->
  <testcase classname="TestCases.tagtest" name="tagtesting" time="72.55">
    <skipped/>
  </testcase> <!-- tagtesting -->
  <testcase classname="TestCases.tagtest" name="tagtesting" time="69.412">
    <skipped/>
  </testcase> <!-- tagtesting -->
  <testcase classname="TestCases.tagtest" name="tagtesting" time="67.443">
    <skipped/>
  </testcase> <!-- tagtesting -->
  <testcase classname="TestCases.tagtest" name="tagtesting" time="74.375">
    <skipped/>
  </testcase> <!-- tagtesting -->
  <testcase classname="TestCases.tagtest" name="tagtesting" time="73.79">
    <skipped/>
  </testcase> <!-- tagtesting -->
  <testcase classname="TestCases.tagtest" name="tagtesting" time="72.493"/>
</testsuite> <!-- Default test -->
