<?xml version="1.0" encoding="UTF-8"?>
<testng-results retried="7" ignored="7" total="21" passed="7" failed="0" skipped="0">
  <reporter-output>
  </reporter-output>
  <suite started-at="2024-10-09T15:55:02 IST" name="Default suite" finished-at="2024-10-09T16:11:43 IST" duration-ms="1000700">
    <groups>
    </groups>
    <test started-at="2024-10-09T15:55:02 IST" name="Default test" finished-at="2024-10-09T16:11:43 IST" duration-ms="1000700">
      <class name="TestCases.tagtest">
        <test-method is-config="true" signature="setUp()[pri:0, instance:TestCases.tagtest@44c03695]" started-at="2024-10-09T15:55:02 IST" name="setUp" finished-at="2024-10-09T15:55:02 IST" duration-ms="190" status="PASS">
          <reporter-output>
          </reporter-output>
        </test-method> <!-- setUp -->
        <test-method signature="tagtesting(java.lang.String,java.lang.String,java.lang.String)[pri:0, instance:TestCases.tagtest@44c03695]" started-at="2024-10-09T15:55:02 IST" name="tagtesting" data-provider="data" finished-at="2024-10-09T15:56:17 IST" duration-ms="74657" status="PASS">
          <params>
            <param index="0">
              <value>
                <![CDATA[https://www.sayastudio.ae/]]>
              </value>
            </param>
            <param index="1">
              <value>
                <![CDATA[google tag]]>
              </value>
            </param>
            <param index="2">
              <value>
                <![CDATA[G-GX9QK1QG7B]]>
              </value>
            </param>
          </params>
          <reporter-output>
          </reporter-output>
        </test-method> <!-- tagtesting -->
        <test-method is-config="true" signature="reportvalidation(org.testng.ITestResult)[pri:0, instance:TestCases.tagtest@44c03695]" started-at="2024-10-09T15:56:17 IST" name="reportvalidation" finished-at="2024-10-09T15:56:18 IST" duration-ms="404" status="PASS">
          <params>
            <param index="0">
              <value>
                <![CDATA[[TestResult name=tagtesting status=SUCCESS method=tagtest.tagtesting(java.lang.String,java.lang.String,java.lang.String)[pri:0, instance:TestCases.tagtest@44c03695] output={null}]]]>
              </value>
            </param>
          </params>
          <reporter-output>
          </reporter-output>
        </test-method> <!-- reportvalidation -->
        <test-method signature="tagtesting(java.lang.String,java.lang.String,java.lang.String)[pri:0, instance:TestCases.tagtest@44c03695]" started-at="2024-10-09T15:56:18 IST" name="tagtesting" data-provider="data" finished-at="2024-10-09T15:57:30 IST" duration-ms="72774" status="PASS">
          <params>
            <param index="0">
              <value>
                <![CDATA[https://www.liquidz.com.hk/]]>
              </value>
            </param>
            <param index="1">
              <value>
                <![CDATA[google tag]]>
              </value>
            </param>
            <param index="2">
              <value>
                <![CDATA[G-7TFPY3J2DE]]>
              </value>
            </param>
          </params>
          <reporter-output>
          </reporter-output>
        </test-method> <!-- tagtesting -->
        <test-method is-config="true" signature="reportvalidation(org.testng.ITestResult)[pri:0, instance:TestCases.tagtest@44c03695]" started-at="2024-10-09T15:57:30 IST" name="reportvalidation" finished-at="2024-10-09T15:57:30 IST" duration-ms="43" status="PASS">
          <params>
            <param index="0">
              <value>
                <![CDATA[[TestResult name=tagtesting status=SUCCESS method=tagtest.tagtesting(java.lang.String,java.lang.String,java.lang.String)[pri:0, instance:TestCases.tagtest@44c03695] output={null}]]]>
              </value>
            </param>
          </params>
          <reporter-output>
          </reporter-output>
        </test-method> <!-- reportvalidation -->
        <test-method signature="tagtesting(java.lang.String,java.lang.String,java.lang.String)[pri:0, instance:TestCases.tagtest@44c03695]" started-at="2024-10-09T15:57:30 IST" name="tagtesting" data-provider="data" finished-at="2024-10-09T15:58:42 IST" duration-ms="71211" status="PASS">
          <params>
            <param index="0">
              <value>
                <![CDATA[https://www.leadsnursery.com/]]>
              </value>
            </param>
            <param index="1">
              <value>
                <![CDATA[google tag]]>
              </value>
            </param>
            <param index="2">
              <value>
                <![CDATA[G-2Y8JNV0SZV]]>
              </value>
            </param>
          </params>
          <reporter-output>
          </reporter-output>
        </test-method> <!-- tagtesting -->
        <test-method is-config="true" signature="reportvalidation(org.testng.ITestResult)[pri:0, instance:TestCases.tagtest@44c03695]" started-at="2024-10-09T15:58:42 IST" name="reportvalidation" finished-at="2024-10-09T15:58:42 IST" duration-ms="34" status="PASS">
          <params>
            <param index="0">
              <value>
                <![CDATA[[TestResult name=tagtesting status=SUCCESS method=tagtest.tagtesting(java.lang.String,java.lang.String,java.lang.String)[pri:0, instance:TestCases.tagtest@44c03695] output={null}]]]>
              </value>
            </param>
          </params>
          <reporter-output>
          </reporter-output>
        </test-method> <!-- reportvalidation -->
        <test-method signature="tagtesting(java.lang.String,java.lang.String,java.lang.String)[pri:0, instance:TestCases.tagtest@44c03695]" started-at="2024-10-09T15:58:42 IST" name="tagtesting" data-provider="data" finished-at="2024-10-09T15:59:51 IST" duration-ms="69285" status="PASS">
          <params>
            <param index="0">
              <value>
                <![CDATA[https://castelbel.hk/]]>
              </value>
            </param>
            <param index="1">
              <value>
                <![CDATA[google tag]]>
              </value>
            </param>
            <param index="2">
              <value>
                <![CDATA[G-JV8HRD5LHW]]>
              </value>
            </param>
          </params>
          <reporter-output>
          </reporter-output>
        </test-method> <!-- tagtesting -->
        <test-method is-config="true" signature="reportvalidation(org.testng.ITestResult)[pri:0, instance:TestCases.tagtest@44c03695]" started-at="2024-10-09T15:59:51 IST" name="reportvalidation" finished-at="2024-10-09T15:59:51 IST" duration-ms="32" status="PASS">
          <params>
            <param index="0">
              <value>
                <![CDATA[[TestResult name=tagtesting status=SUCCESS method=tagtest.tagtesting(java.lang.String,java.lang.String,java.lang.String)[pri:0, instance:TestCases.tagtest@44c03695] output={null}]]]>
              </value>
            </param>
          </params>
          <reporter-output>
          </reporter-output>
        </test-method> <!-- reportvalidation -->
        <test-method signature="tagtesting(java.lang.String,java.lang.String,java.lang.String)[pri:0, instance:TestCases.tagtest@44c03695]" started-at="2024-10-09T15:59:51 IST" name="tagtesting" data-provider="data" finished-at="2024-10-09T16:01:01 IST" duration-ms="70493" status="PASS">
          <params>
            <param index="0">
              <value>
                <![CDATA[https://www.gdata.in/]]>
              </value>
            </param>
            <param index="1">
              <value>
                <![CDATA[google tag]]>
              </value>
            </param>
            <param index="2">
              <value>
                <![CDATA[G-5FG1J90486]]>
              </value>
            </param>
          </params>
          <reporter-output>
          </reporter-output>
        </test-method> <!-- tagtesting -->
        <test-method is-config="true" signature="reportvalidation(org.testng.ITestResult)[pri:0, instance:TestCases.tagtest@44c03695]" started-at="2024-10-09T16:01:01 IST" name="reportvalidation" finished-at="2024-10-09T16:01:01 IST" duration-ms="29" status="PASS">
          <params>
            <param index="0">
              <value>
                <![CDATA[[TestResult name=tagtesting status=SUCCESS method=tagtest.tagtesting(java.lang.String,java.lang.String,java.lang.String)[pri:0, instance:TestCases.tagtest@44c03695] output={null}]]]>
              </value>
            </param>
          </params>
          <reporter-output>
          </reporter-output>
        </test-method> <!-- reportvalidation -->
        <test-method signature="tagtesting(java.lang.String,java.lang.String,java.lang.String)[pri:0, instance:TestCases.tagtest@44c03695]" started-at="2024-10-09T16:01:01 IST" name="tagtesting" data-provider="data" finished-at="2024-10-09T16:02:11 IST" duration-ms="69590" status="PASS">
          <params>
            <param index="0">
              <value>
                <![CDATA[https://www.fuchsiame.com/]]>
              </value>
            </param>
            <param index="1">
              <value>
                <![CDATA[google tag]]>
              </value>
            </param>
            <param index="2">
              <value>
                <![CDATA[GTM-KXJVNL5]]>
              </value>
            </param>
          </params>
          <reporter-output>
          </reporter-output>
        </test-method> <!-- tagtesting -->
        <test-method is-config="true" signature="reportvalidation(org.testng.ITestResult)[pri:0, instance:TestCases.tagtest@44c03695]" started-at="2024-10-09T16:02:11 IST" name="reportvalidation" finished-at="2024-10-09T16:02:11 IST" duration-ms="51" status="PASS">
          <params>
            <param index="0">
              <value>
                <![CDATA[[TestResult name=tagtesting status=SUCCESS method=tagtest.tagtesting(java.lang.String,java.lang.String,java.lang.String)[pri:0, instance:TestCases.tagtest@44c03695] output={null}]]]>
              </value>
            </param>
          </params>
          <reporter-output>
          </reporter-output>
        </test-method> <!-- reportvalidation -->
        <test-method retried="true" signature="tagtesting(java.lang.String,java.lang.String,java.lang.String)[pri:0, instance:TestCases.tagtest@44c03695]" started-at="2024-10-09T16:02:11 IST" name="tagtesting" data-provider="data" finished-at="2024-10-09T16:03:24 IST" duration-ms="73137" status="SKIP">
          <params>
            <param index="0">
              <value>
                <![CDATA[https://www.allrefrigerants.com/]]>
              </value>
            </param>
            <param index="1">
              <value>
                <![CDATA[google tag]]>
              </value>
            </param>
            <param index="2">
              <value>
                <![CDATA[G-ZQ08J2KHQ9]]>
              </value>
            </param>
          </params>
          <exception class="java.lang.AssertionError">
            <message>
              <![CDATA[expected [G-ZQ08J2KHQ9] but found []]]>
            </message>
            <full-stacktrace>
              <![CDATA[java.lang.AssertionError: expected [G-ZQ08J2KHQ9] but found []
at org.testng.Assert.fail(Assert.java:111)
at org.testng.Assert.failNotEquals(Assert.java:1578)
at org.testng.Assert.assertEqualsImpl(Assert.java:150)
at org.testng.Assert.assertEquals(Assert.java:132)
at org.testng.Assert.assertEquals(Assert.java:656)
at org.testng.Assert.assertEquals(Assert.java:666)
at TestCases.tagtest.tagtesting(tagtest.java:143)
at java.base/jdk.internal.reflect.DirectMethodHandleAccessor.invoke(DirectMethodHandleAccessor.java:103)
at java.base/java.lang.reflect.Method.invoke(Method.java:580)
at org.testng.internal.invokers.MethodInvocationHelper.invokeMethod(MethodInvocationHelper.java:139)
at org.testng.internal.invokers.TestInvoker.invokeMethod(TestInvoker.java:664)
at org.testng.internal.invokers.TestInvoker.invokeTestMethod(TestInvoker.java:228)
at org.testng.internal.invokers.MethodRunner.runInSequence(MethodRunner.java:63)
at org.testng.internal.invokers.TestInvoker$MethodInvocationAgent.invoke(TestInvoker.java:961)
at org.testng.internal.invokers.TestInvoker.invokeTestMethods(TestInvoker.java:201)
at org.testng.internal.invokers.TestMethodWorker.invokeTestMethods(TestMethodWorker.java:148)
at org.testng.internal.invokers.TestMethodWorker.run(TestMethodWorker.java:128)
at java.base/java.util.ArrayList.forEach(ArrayList.java:1596)
at org.testng.TestRunner.privateRun(TestRunner.java:819)
at org.testng.TestRunner.run(TestRunner.java:619)
at org.testng.SuiteRunner.runTest(SuiteRunner.java:443)
at org.testng.SuiteRunner.runSequentially(SuiteRunner.java:437)
at org.testng.SuiteRunner.privateRun(SuiteRunner.java:397)
at org.testng.SuiteRunner.run(SuiteRunner.java:336)
at org.testng.SuiteRunnerWorker.runSuite(SuiteRunnerWorker.java:52)
at org.testng.SuiteRunnerWorker.run(SuiteRunnerWorker.java:95)
at org.testng.TestNG.runSuitesSequentially(TestNG.java:1301)
at org.testng.TestNG.runSuitesLocally(TestNG.java:1228)
at org.testng.TestNG.runSuites(TestNG.java:1134)
at org.testng.TestNG.run(TestNG.java:1101)
at org.testng.remote.AbstractRemoteTestNG.run(AbstractRemoteTestNG.java:115)
at org.testng.remote.RemoteTestNG.initAndRun(RemoteTestNG.java:293)
at org.testng.remote.RemoteTestNG.main(RemoteTestNG.java:91)
]]>
            </full-stacktrace>
          </exception> <!-- java.lang.AssertionError -->
          <reporter-output>
          </reporter-output>
        </test-method> <!-- tagtesting -->
        <test-method is-config="true" signature="reportvalidation(org.testng.ITestResult)[pri:0, instance:TestCases.tagtest@44c03695]" started-at="2024-10-09T16:03:24 IST" name="reportvalidation" finished-at="2024-10-09T16:03:24 IST" duration-ms="59" status="PASS">
          <params>
            <param index="0">
              <value>
                <![CDATA[[TestResult name=tagtesting status=SKIP method=tagtest.tagtesting(java.lang.String,java.lang.String,java.lang.String)[pri:0, instance:TestCases.tagtest@44c03695] output={null}]]]>
              </value>
            </param>
          </params>
          <reporter-output>
          </reporter-output>
        </test-method> <!-- reportvalidation -->
        <test-method retried="true" signature="tagtesting(java.lang.String,java.lang.String,java.lang.String)[pri:0, instance:TestCases.tagtest@44c03695]" started-at="2024-10-09T16:03:24 IST" name="tagtesting" data-provider="data" finished-at="2024-10-09T16:04:32 IST" duration-ms="67994" status="SKIP">
          <params>
            <param index="0">
              <value>
                <![CDATA[https://www.allrefrigerants.com/]]>
              </value>
            </param>
            <param index="1">
              <value>
                <![CDATA[google tag]]>
              </value>
            </param>
            <param index="2">
              <value>
                <![CDATA[G-ZQ08J2KHQ9]]>
              </value>
            </param>
          </params>
          <exception class="java.lang.AssertionError">
            <message>
              <![CDATA[expected [G-ZQ08J2KHQ9] but found []]]>
            </message>
            <full-stacktrace>
              <![CDATA[java.lang.AssertionError: expected [G-ZQ08J2KHQ9] but found []
at org.testng.Assert.fail(Assert.java:111)
at org.testng.Assert.failNotEquals(Assert.java:1578)
at org.testng.Assert.assertEqualsImpl(Assert.java:150)
at org.testng.Assert.assertEquals(Assert.java:132)
at org.testng.Assert.assertEquals(Assert.java:656)
at org.testng.Assert.assertEquals(Assert.java:666)
at TestCases.tagtest.tagtesting(tagtest.java:143)
at java.base/jdk.internal.reflect.DirectMethodHandleAccessor.invoke(DirectMethodHandleAccessor.java:103)
at java.base/java.lang.reflect.Method.invoke(Method.java:580)
at org.testng.internal.invokers.MethodInvocationHelper.invokeMethod(MethodInvocationHelper.java:139)
at org.testng.internal.invokers.TestInvoker.invokeMethod(TestInvoker.java:664)
at org.testng.internal.invokers.TestInvoker.retryFailed(TestInvoker.java:249)
at org.testng.internal.invokers.MethodRunner.runInSequence(MethodRunner.java:76)
at org.testng.internal.invokers.TestInvoker$MethodInvocationAgent.invoke(TestInvoker.java:961)
at org.testng.internal.invokers.TestInvoker.invokeTestMethods(TestInvoker.java:201)
at org.testng.internal.invokers.TestMethodWorker.invokeTestMethods(TestMethodWorker.java:148)
at org.testng.internal.invokers.TestMethodWorker.run(TestMethodWorker.java:128)
at java.base/java.util.ArrayList.forEach(ArrayList.java:1596)
at org.testng.TestRunner.privateRun(TestRunner.java:819)
at org.testng.TestRunner.run(TestRunner.java:619)
at org.testng.SuiteRunner.runTest(SuiteRunner.java:443)
at org.testng.SuiteRunner.runSequentially(SuiteRunner.java:437)
at org.testng.SuiteRunner.privateRun(SuiteRunner.java:397)
at org.testng.SuiteRunner.run(SuiteRunner.java:336)
at org.testng.SuiteRunnerWorker.runSuite(SuiteRunnerWorker.java:52)
at org.testng.SuiteRunnerWorker.run(SuiteRunnerWorker.java:95)
at org.testng.TestNG.runSuitesSequentially(TestNG.java:1301)
at org.testng.TestNG.runSuitesLocally(TestNG.java:1228)
at org.testng.TestNG.runSuites(TestNG.java:1134)
at org.testng.TestNG.run(TestNG.java:1101)
at org.testng.remote.AbstractRemoteTestNG.run(AbstractRemoteTestNG.java:115)
at org.testng.remote.RemoteTestNG.initAndRun(RemoteTestNG.java:293)
at org.testng.remote.RemoteTestNG.main(RemoteTestNG.java:91)
]]>
            </full-stacktrace>
          </exception> <!-- java.lang.AssertionError -->
          <reporter-output>
          </reporter-output>
        </test-method> <!-- tagtesting -->
        <test-method is-config="true" signature="reportvalidation(org.testng.ITestResult)[pri:0, instance:TestCases.tagtest@44c03695]" started-at="2024-10-09T16:04:32 IST" name="reportvalidation" finished-at="2024-10-09T16:04:32 IST" duration-ms="80" status="PASS">
          <params>
            <param index="0">
              <value>
                <![CDATA[[TestResult name=tagtesting status=SKIP method=tagtest.tagtesting(java.lang.String,java.lang.String,java.lang.String)[pri:0, instance:TestCases.tagtest@44c03695] output={null}]]]>
              </value>
            </param>
          </params>
          <reporter-output>
          </reporter-output>
        </test-method> <!-- reportvalidation -->
        <test-method retried="true" signature="tagtesting(java.lang.String,java.lang.String,java.lang.String)[pri:0, instance:TestCases.tagtest@44c03695]" started-at="2024-10-09T16:04:32 IST" name="tagtesting" data-provider="data" finished-at="2024-10-09T16:05:45 IST" duration-ms="72550" status="SKIP">
          <params>
            <param index="0">
              <value>
                <![CDATA[https://www.allrefrigerants.com/]]>
              </value>
            </param>
            <param index="1">
              <value>
                <![CDATA[google tag]]>
              </value>
            </param>
            <param index="2">
              <value>
                <![CDATA[G-ZQ08J2KHQ9]]>
              </value>
            </param>
          </params>
          <exception class="java.lang.AssertionError">
            <message>
              <![CDATA[expected [G-ZQ08J2KHQ9] but found []]]>
            </message>
            <full-stacktrace>
              <![CDATA[java.lang.AssertionError: expected [G-ZQ08J2KHQ9] but found []
at org.testng.Assert.fail(Assert.java:111)
at org.testng.Assert.failNotEquals(Assert.java:1578)
at org.testng.Assert.assertEqualsImpl(Assert.java:150)
at org.testng.Assert.assertEquals(Assert.java:132)
at org.testng.Assert.assertEquals(Assert.java:656)
at org.testng.Assert.assertEquals(Assert.java:666)
at TestCases.tagtest.tagtesting(tagtest.java:143)
at java.base/jdk.internal.reflect.DirectMethodHandleAccessor.invoke(DirectMethodHandleAccessor.java:103)
at java.base/java.lang.reflect.Method.invoke(Method.java:580)
at org.testng.internal.invokers.MethodInvocationHelper.invokeMethod(MethodInvocationHelper.java:139)
at org.testng.internal.invokers.TestInvoker.invokeMethod(TestInvoker.java:664)
at org.testng.internal.invokers.TestInvoker.retryFailed(TestInvoker.java:249)
at org.testng.internal.invokers.MethodRunner.runInSequence(MethodRunner.java:76)
at org.testng.internal.invokers.TestInvoker$MethodInvocationAgent.invoke(TestInvoker.java:961)
at org.testng.internal.invokers.TestInvoker.invokeTestMethods(TestInvoker.java:201)
at org.testng.internal.invokers.TestMethodWorker.invokeTestMethods(TestMethodWorker.java:148)
at org.testng.internal.invokers.TestMethodWorker.run(TestMethodWorker.java:128)
at java.base/java.util.ArrayList.forEach(ArrayList.java:1596)
at org.testng.TestRunner.privateRun(TestRunner.java:819)
at org.testng.TestRunner.run(TestRunner.java:619)
at org.testng.SuiteRunner.runTest(SuiteRunner.java:443)
at org.testng.SuiteRunner.runSequentially(SuiteRunner.java:437)
at org.testng.SuiteRunner.privateRun(SuiteRunner.java:397)
at org.testng.SuiteRunner.run(SuiteRunner.java:336)
at org.testng.SuiteRunnerWorker.runSuite(SuiteRunnerWorker.java:52)
at org.testng.SuiteRunnerWorker.run(SuiteRunnerWorker.java:95)
at org.testng.TestNG.runSuitesSequentially(TestNG.java:1301)
at org.testng.TestNG.runSuitesLocally(TestNG.java:1228)
at org.testng.TestNG.runSuites(TestNG.java:1134)
at org.testng.TestNG.run(TestNG.java:1101)
at org.testng.remote.AbstractRemoteTestNG.run(AbstractRemoteTestNG.java:115)
at org.testng.remote.RemoteTestNG.initAndRun(RemoteTestNG.java:293)
at org.testng.remote.RemoteTestNG.main(RemoteTestNG.java:91)
]]>
            </full-stacktrace>
          </exception> <!-- java.lang.AssertionError -->
          <reporter-output>
          </reporter-output>
        </test-method> <!-- tagtesting -->
        <test-method is-config="true" signature="reportvalidation(org.testng.ITestResult)[pri:0, instance:TestCases.tagtest@44c03695]" started-at="2024-10-09T16:05:45 IST" name="reportvalidation" finished-at="2024-10-09T16:05:45 IST" duration-ms="50" status="PASS">
          <params>
            <param index="0">
              <value>
                <![CDATA[[TestResult name=tagtesting status=SKIP method=tagtest.tagtesting(java.lang.String,java.lang.String,java.lang.String)[pri:0, instance:TestCases.tagtest@44c03695] output={null}]]]>
              </value>
            </param>
          </params>
          <reporter-output>
          </reporter-output>
        </test-method> <!-- reportvalidation -->
        <test-method retried="true" signature="tagtesting(java.lang.String,java.lang.String,java.lang.String)[pri:0, instance:TestCases.tagtest@44c03695]" started-at="2024-10-09T16:05:45 IST" name="tagtesting" data-provider="data" finished-at="2024-10-09T16:06:54 IST" duration-ms="69412" status="SKIP">
          <params>
            <param index="0">
              <value>
                <![CDATA[https://www.allrefrigerants.com/]]>
              </value>
            </param>
            <param index="1">
              <value>
                <![CDATA[google tag]]>
              </value>
            </param>
            <param index="2">
              <value>
                <![CDATA[G-ZQ08J2KHQ9]]>
              </value>
            </param>
          </params>
          <exception class="java.lang.AssertionError">
            <message>
              <![CDATA[expected [G-ZQ08J2KHQ9] but found []]]>
            </message>
            <full-stacktrace>
              <![CDATA[java.lang.AssertionError: expected [G-ZQ08J2KHQ9] but found []
at org.testng.Assert.fail(Assert.java:111)
at org.testng.Assert.failNotEquals(Assert.java:1578)
at org.testng.Assert.assertEqualsImpl(Assert.java:150)
at org.testng.Assert.assertEquals(Assert.java:132)
at org.testng.Assert.assertEquals(Assert.java:656)
at org.testng.Assert.assertEquals(Assert.java:666)
at TestCases.tagtest.tagtesting(tagtest.java:143)
at java.base/jdk.internal.reflect.DirectMethodHandleAccessor.invoke(DirectMethodHandleAccessor.java:103)
at java.base/java.lang.reflect.Method.invoke(Method.java:580)
at org.testng.internal.invokers.MethodInvocationHelper.invokeMethod(MethodInvocationHelper.java:139)
at org.testng.internal.invokers.TestInvoker.invokeMethod(TestInvoker.java:664)
at org.testng.internal.invokers.TestInvoker.retryFailed(TestInvoker.java:249)
at org.testng.internal.invokers.MethodRunner.runInSequence(MethodRunner.java:76)
at org.testng.internal.invokers.TestInvoker$MethodInvocationAgent.invoke(TestInvoker.java:961)
at org.testng.internal.invokers.TestInvoker.invokeTestMethods(TestInvoker.java:201)
at org.testng.internal.invokers.TestMethodWorker.invokeTestMethods(TestMethodWorker.java:148)
at org.testng.internal.invokers.TestMethodWorker.run(TestMethodWorker.java:128)
at java.base/java.util.ArrayList.forEach(ArrayList.java:1596)
at org.testng.TestRunner.privateRun(TestRunner.java:819)
at org.testng.TestRunner.run(TestRunner.java:619)
at org.testng.SuiteRunner.runTest(SuiteRunner.java:443)
at org.testng.SuiteRunner.runSequentially(SuiteRunner.java:437)
at org.testng.SuiteRunner.privateRun(SuiteRunner.java:397)
at org.testng.SuiteRunner.run(SuiteRunner.java:336)
at org.testng.SuiteRunnerWorker.runSuite(SuiteRunnerWorker.java:52)
at org.testng.SuiteRunnerWorker.run(SuiteRunnerWorker.java:95)
at org.testng.TestNG.runSuitesSequentially(TestNG.java:1301)
at org.testng.TestNG.runSuitesLocally(TestNG.java:1228)
at org.testng.TestNG.runSuites(TestNG.java:1134)
at org.testng.TestNG.run(TestNG.java:1101)
at org.testng.remote.AbstractRemoteTestNG.run(AbstractRemoteTestNG.java:115)
at org.testng.remote.RemoteTestNG.initAndRun(RemoteTestNG.java:293)
at org.testng.remote.RemoteTestNG.main(RemoteTestNG.java:91)
]]>
            </full-stacktrace>
          </exception> <!-- java.lang.AssertionError -->
          <reporter-output>
          </reporter-output>
        </test-method> <!-- tagtesting -->
        <test-method is-config="true" signature="reportvalidation(org.testng.ITestResult)[pri:0, instance:TestCases.tagtest@44c03695]" started-at="2024-10-09T16:06:54 IST" name="reportvalidation" finished-at="2024-10-09T16:06:54 IST" duration-ms="32" status="PASS">
          <params>
            <param index="0">
              <value>
                <![CDATA[[TestResult name=tagtesting status=SKIP method=tagtest.tagtesting(java.lang.String,java.lang.String,java.lang.String)[pri:0, instance:TestCases.tagtest@44c03695] output={null}]]]>
              </value>
            </param>
          </params>
          <reporter-output>
          </reporter-output>
        </test-method> <!-- reportvalidation -->
        <test-method retried="true" signature="tagtesting(java.lang.String,java.lang.String,java.lang.String)[pri:0, instance:TestCases.tagtest@44c03695]" started-at="2024-10-09T16:06:54 IST" name="tagtesting" data-provider="data" finished-at="2024-10-09T16:08:02 IST" duration-ms="67443" status="SKIP">
          <params>
            <param index="0">
              <value>
                <![CDATA[https://www.allrefrigerants.com/]]>
              </value>
            </param>
            <param index="1">
              <value>
                <![CDATA[google tag]]>
              </value>
            </param>
            <param index="2">
              <value>
                <![CDATA[G-ZQ08J2KHQ9]]>
              </value>
            </param>
          </params>
          <exception class="java.lang.AssertionError">
            <message>
              <![CDATA[expected [G-ZQ08J2KHQ9] but found []]]>
            </message>
            <full-stacktrace>
              <![CDATA[java.lang.AssertionError: expected [G-ZQ08J2KHQ9] but found []
at org.testng.Assert.fail(Assert.java:111)
at org.testng.Assert.failNotEquals(Assert.java:1578)
at org.testng.Assert.assertEqualsImpl(Assert.java:150)
at org.testng.Assert.assertEquals(Assert.java:132)
at org.testng.Assert.assertEquals(Assert.java:656)
at org.testng.Assert.assertEquals(Assert.java:666)
at TestCases.tagtest.tagtesting(tagtest.java:143)
at java.base/jdk.internal.reflect.DirectMethodHandleAccessor.invoke(DirectMethodHandleAccessor.java:103)
at java.base/java.lang.reflect.Method.invoke(Method.java:580)
at org.testng.internal.invokers.MethodInvocationHelper.invokeMethod(MethodInvocationHelper.java:139)
at org.testng.internal.invokers.TestInvoker.invokeMethod(TestInvoker.java:664)
at org.testng.internal.invokers.TestInvoker.retryFailed(TestInvoker.java:249)
at org.testng.internal.invokers.MethodRunner.runInSequence(MethodRunner.java:76)
at org.testng.internal.invokers.TestInvoker$MethodInvocationAgent.invoke(TestInvoker.java:961)
at org.testng.internal.invokers.TestInvoker.invokeTestMethods(TestInvoker.java:201)
at org.testng.internal.invokers.TestMethodWorker.invokeTestMethods(TestMethodWorker.java:148)
at org.testng.internal.invokers.TestMethodWorker.run(TestMethodWorker.java:128)
at java.base/java.util.ArrayList.forEach(ArrayList.java:1596)
at org.testng.TestRunner.privateRun(TestRunner.java:819)
at org.testng.TestRunner.run(TestRunner.java:619)
at org.testng.SuiteRunner.runTest(SuiteRunner.java:443)
at org.testng.SuiteRunner.runSequentially(SuiteRunner.java:437)
at org.testng.SuiteRunner.privateRun(SuiteRunner.java:397)
at org.testng.SuiteRunner.run(SuiteRunner.java:336)
at org.testng.SuiteRunnerWorker.runSuite(SuiteRunnerWorker.java:52)
at org.testng.SuiteRunnerWorker.run(SuiteRunnerWorker.java:95)
at org.testng.TestNG.runSuitesSequentially(TestNG.java:1301)
at org.testng.TestNG.runSuitesLocally(TestNG.java:1228)
at org.testng.TestNG.runSuites(TestNG.java:1134)
at org.testng.TestNG.run(TestNG.java:1101)
at org.testng.remote.AbstractRemoteTestNG.run(AbstractRemoteTestNG.java:115)
at org.testng.remote.RemoteTestNG.initAndRun(RemoteTestNG.java:293)
at org.testng.remote.RemoteTestNG.main(RemoteTestNG.java:91)
]]>
            </full-stacktrace>
          </exception> <!-- java.lang.AssertionError -->
          <reporter-output>
          </reporter-output>
        </test-method> <!-- tagtesting -->
        <test-method is-config="true" signature="reportvalidation(org.testng.ITestResult)[pri:0, instance:TestCases.tagtest@44c03695]" started-at="2024-10-09T16:08:02 IST" name="reportvalidation" finished-at="2024-10-09T16:08:02 IST" duration-ms="40" status="PASS">
          <params>
            <param index="0">
              <value>
                <![CDATA[[TestResult name=tagtesting status=SKIP method=tagtest.tagtesting(java.lang.String,java.lang.String,java.lang.String)[pri:0, instance:TestCases.tagtest@44c03695] output={null}]]]>
              </value>
            </param>
          </params>
          <reporter-output>
          </reporter-output>
        </test-method> <!-- reportvalidation -->
        <test-method retried="true" signature="tagtesting(java.lang.String,java.lang.String,java.lang.String)[pri:0, instance:TestCases.tagtest@44c03695]" started-at="2024-10-09T16:08:02 IST" name="tagtesting" data-provider="data" finished-at="2024-10-09T16:09:16 IST" duration-ms="74375" status="SKIP">
          <params>
            <param index="0">
              <value>
                <![CDATA[https://www.allrefrigerants.com/]]>
              </value>
            </param>
            <param index="1">
              <value>
                <![CDATA[google tag]]>
              </value>
            </param>
            <param index="2">
              <value>
                <![CDATA[G-ZQ08J2KHQ9]]>
              </value>
            </param>
          </params>
          <exception class="java.lang.AssertionError">
            <message>
              <![CDATA[expected [G-ZQ08J2KHQ9] but found []]]>
            </message>
            <full-stacktrace>
              <![CDATA[java.lang.AssertionError: expected [G-ZQ08J2KHQ9] but found []
at org.testng.Assert.fail(Assert.java:111)
at org.testng.Assert.failNotEquals(Assert.java:1578)
at org.testng.Assert.assertEqualsImpl(Assert.java:150)
at org.testng.Assert.assertEquals(Assert.java:132)
at org.testng.Assert.assertEquals(Assert.java:656)
at org.testng.Assert.assertEquals(Assert.java:666)
at TestCases.tagtest.tagtesting(tagtest.java:143)
at java.base/jdk.internal.reflect.DirectMethodHandleAccessor.invoke(DirectMethodHandleAccessor.java:103)
at java.base/java.lang.reflect.Method.invoke(Method.java:580)
at org.testng.internal.invokers.MethodInvocationHelper.invokeMethod(MethodInvocationHelper.java:139)
at org.testng.internal.invokers.TestInvoker.invokeMethod(TestInvoker.java:664)
at org.testng.internal.invokers.TestInvoker.retryFailed(TestInvoker.java:249)
at org.testng.internal.invokers.MethodRunner.runInSequence(MethodRunner.java:76)
at org.testng.internal.invokers.TestInvoker$MethodInvocationAgent.invoke(TestInvoker.java:961)
at org.testng.internal.invokers.TestInvoker.invokeTestMethods(TestInvoker.java:201)
at org.testng.internal.invokers.TestMethodWorker.invokeTestMethods(TestMethodWorker.java:148)
at org.testng.internal.invokers.TestMethodWorker.run(TestMethodWorker.java:128)
at java.base/java.util.ArrayList.forEach(ArrayList.java:1596)
at org.testng.TestRunner.privateRun(TestRunner.java:819)
at org.testng.TestRunner.run(TestRunner.java:619)
at org.testng.SuiteRunner.runTest(SuiteRunner.java:443)
at org.testng.SuiteRunner.runSequentially(SuiteRunner.java:437)
at org.testng.SuiteRunner.privateRun(SuiteRunner.java:397)
at org.testng.SuiteRunner.run(SuiteRunner.java:336)
at org.testng.SuiteRunnerWorker.runSuite(SuiteRunnerWorker.java:52)
at org.testng.SuiteRunnerWorker.run(SuiteRunnerWorker.java:95)
at org.testng.TestNG.runSuitesSequentially(TestNG.java:1301)
at org.testng.TestNG.runSuitesLocally(TestNG.java:1228)
at org.testng.TestNG.runSuites(TestNG.java:1134)
at org.testng.TestNG.run(TestNG.java:1101)
at org.testng.remote.AbstractRemoteTestNG.run(AbstractRemoteTestNG.java:115)
at org.testng.remote.RemoteTestNG.initAndRun(RemoteTestNG.java:293)
at org.testng.remote.RemoteTestNG.main(RemoteTestNG.java:91)
]]>
            </full-stacktrace>
          </exception> <!-- java.lang.AssertionError -->
          <reporter-output>
          </reporter-output>
        </test-method> <!-- tagtesting -->
        <test-method is-config="true" signature="reportvalidation(org.testng.ITestResult)[pri:0, instance:TestCases.tagtest@44c03695]" started-at="2024-10-09T16:09:16 IST" name="reportvalidation" finished-at="2024-10-09T16:09:16 IST" duration-ms="40" status="PASS">
          <params>
            <param index="0">
              <value>
                <![CDATA[[TestResult name=tagtesting status=SKIP method=tagtest.tagtesting(java.lang.String,java.lang.String,java.lang.String)[pri:0, instance:TestCases.tagtest@44c03695] output={null}]]]>
              </value>
            </param>
          </params>
          <reporter-output>
          </reporter-output>
        </test-method> <!-- reportvalidation -->
        <test-method retried="true" signature="tagtesting(java.lang.String,java.lang.String,java.lang.String)[pri:0, instance:TestCases.tagtest@44c03695]" started-at="2024-10-09T16:09:16 IST" name="tagtesting" data-provider="data" finished-at="2024-10-09T16:10:30 IST" duration-ms="73790" status="SKIP">
          <params>
            <param index="0">
              <value>
                <![CDATA[https://www.allrefrigerants.com/]]>
              </value>
            </param>
            <param index="1">
              <value>
                <![CDATA[google tag]]>
              </value>
            </param>
            <param index="2">
              <value>
                <![CDATA[G-ZQ08J2KHQ9]]>
              </value>
            </param>
          </params>
          <exception class="java.lang.AssertionError">
            <message>
              <![CDATA[expected [G-ZQ08J2KHQ9] but found []]]>
            </message>
            <full-stacktrace>
              <![CDATA[java.lang.AssertionError: expected [G-ZQ08J2KHQ9] but found []
at org.testng.Assert.fail(Assert.java:111)
at org.testng.Assert.failNotEquals(Assert.java:1578)
at org.testng.Assert.assertEqualsImpl(Assert.java:150)
at org.testng.Assert.assertEquals(Assert.java:132)
at org.testng.Assert.assertEquals(Assert.java:656)
at org.testng.Assert.assertEquals(Assert.java:666)
at TestCases.tagtest.tagtesting(tagtest.java:143)
at java.base/jdk.internal.reflect.DirectMethodHandleAccessor.invoke(DirectMethodHandleAccessor.java:103)
at java.base/java.lang.reflect.Method.invoke(Method.java:580)
at org.testng.internal.invokers.MethodInvocationHelper.invokeMethod(MethodInvocationHelper.java:139)
at org.testng.internal.invokers.TestInvoker.invokeMethod(TestInvoker.java:664)
at org.testng.internal.invokers.TestInvoker.retryFailed(TestInvoker.java:249)
at org.testng.internal.invokers.MethodRunner.runInSequence(MethodRunner.java:76)
at org.testng.internal.invokers.TestInvoker$MethodInvocationAgent.invoke(TestInvoker.java:961)
at org.testng.internal.invokers.TestInvoker.invokeTestMethods(TestInvoker.java:201)
at org.testng.internal.invokers.TestMethodWorker.invokeTestMethods(TestMethodWorker.java:148)
at org.testng.internal.invokers.TestMethodWorker.run(TestMethodWorker.java:128)
at java.base/java.util.ArrayList.forEach(ArrayList.java:1596)
at org.testng.TestRunner.privateRun(TestRunner.java:819)
at org.testng.TestRunner.run(TestRunner.java:619)
at org.testng.SuiteRunner.runTest(SuiteRunner.java:443)
at org.testng.SuiteRunner.runSequentially(SuiteRunner.java:437)
at org.testng.SuiteRunner.privateRun(SuiteRunner.java:397)
at org.testng.SuiteRunner.run(SuiteRunner.java:336)
at org.testng.SuiteRunnerWorker.runSuite(SuiteRunnerWorker.java:52)
at org.testng.SuiteRunnerWorker.run(SuiteRunnerWorker.java:95)
at org.testng.TestNG.runSuitesSequentially(TestNG.java:1301)
at org.testng.TestNG.runSuitesLocally(TestNG.java:1228)
at org.testng.TestNG.runSuites(TestNG.java:1134)
at org.testng.TestNG.run(TestNG.java:1101)
at org.testng.remote.AbstractRemoteTestNG.run(AbstractRemoteTestNG.java:115)
at org.testng.remote.RemoteTestNG.initAndRun(RemoteTestNG.java:293)
at org.testng.remote.RemoteTestNG.main(RemoteTestNG.java:91)
]]>
            </full-stacktrace>
          </exception> <!-- java.lang.AssertionError -->
          <reporter-output>
          </reporter-output>
        </test-method> <!-- tagtesting -->
        <test-method is-config="true" signature="reportvalidation(org.testng.ITestResult)[pri:0, instance:TestCases.tagtest@44c03695]" started-at="2024-10-09T16:10:30 IST" name="reportvalidation" finished-at="2024-10-09T16:10:30 IST" duration-ms="20" status="PASS">
          <params>
            <param index="0">
              <value>
                <![CDATA[[TestResult name=tagtesting status=SKIP method=tagtest.tagtesting(java.lang.String,java.lang.String,java.lang.String)[pri:0, instance:TestCases.tagtest@44c03695] output={null}]]]>
              </value>
            </param>
          </params>
          <reporter-output>
          </reporter-output>
        </test-method> <!-- reportvalidation -->
        <test-method signature="tagtesting(java.lang.String,java.lang.String,java.lang.String)[pri:0, instance:TestCases.tagtest@44c03695]" started-at="2024-10-09T16:10:30 IST" name="tagtesting" data-provider="data" finished-at="2024-10-09T16:11:43 IST" duration-ms="72493" status="PASS">
          <params>
            <param index="0">
              <value>
                <![CDATA[https://www.allrefrigerants.com/]]>
              </value>
            </param>
            <param index="1">
              <value>
                <![CDATA[google tag]]>
              </value>
            </param>
            <param index="2">
              <value>
                <![CDATA[G-ZQ08J2KHQ9]]>
              </value>
            </param>
          </params>
          <reporter-output>
          </reporter-output>
        </test-method> <!-- tagtesting -->
        <test-method is-config="true" signature="reportvalidation(org.testng.ITestResult)[pri:0, instance:TestCases.tagtest@44c03695]" started-at="2024-10-09T16:11:43 IST" name="reportvalidation" finished-at="2024-10-09T16:11:43 IST" duration-ms="40" status="PASS">
          <params>
            <param index="0">
              <value>
                <![CDATA[[TestResult name=tagtesting status=SUCCESS method=tagtest.tagtesting(java.lang.String,java.lang.String,java.lang.String)[pri:0, instance:TestCases.tagtest@44c03695] output={null}]]]>
              </value>
            </param>
          </params>
          <reporter-output>
          </reporter-output>
        </test-method> <!-- reportvalidation -->
      </class> <!-- TestCases.tagtest -->
    </test> <!-- Default test -->
  </suite> <!-- Default suite -->
</testng-results>
